main.c(5,9): warning : #pragma once in main file
main.c(5,9): warning :  #pragma once
main.c(5,9): warning :          ^~~~
  
  In function 'minmea_tocoord':
minmea.h(252,46): warning : conversion from 'int_least32_t' {aka 'int'} to 'float' may change value [-Wconversion]
minmea.h(252,46): warning :      return (float) degrees + (float) minutes / (60 * f->scale);
minmea.h(252,46): warning :                                               ^
  
  At top level:
mt3620_avnet_dev.h(194): warning : "MT3620_RDB_HEADER4_ISU2_I2C" redefined
mt3620_avnet_dev.h(194): warning :  #define MT3620_RDB_HEADER4_ISU2_I2C MT3620_I2C_ISU2
  13,
  
mt3620_rdb.h(191): message : this is the location of the previous definition
mt3620_rdb.h(191): message :  #define MT3620_RDB_HEADER4_ISU2_I2C MT3620_ISU2_I2C
main.c(126,13): warning : 'deviceIsUp' defined but not used [-Wunused-variable]
main.c(126,13): warning :  static bool deviceIsUp = false; // Orientation
main.c(126,13): warning :              ^~~~~~~~~~
  Validating project app_manifest.json
  app_manifest.json IoT Hub/Central parameters exist.
  Azure Sphere Utility version 19.5.4.53731
  Copyright (C) Microsoft Corporation. All rights reserved.
   
  Start time (UTC): Sunday, 01 December 2019 00:01:29 
  verbose: Creating image package. 
  verbose: Azure Sphere application image package written. 
  verbose: Appending metadata. 
  verbose: Wrote metadata:
    Section: Identity
      Image Type:           Application
      Component ID:         819255ff-8640-41fd-aea7-f85d34c491d5
      Image ID:             bdf0bdad-54f7-4b7c-8d1e-497e3dd7e3b5
    Section: Signature
      Signing Type:         ECDsa256
      Cert:                 a8d5cc6958f48710140d7a26160fc1cfc31f5df0
    Section: Debug
      Image Name:           ShockDetect
      Built On (UTC):       01/12/2019 00:01:30
      Built On (Local):     01/12/2019 01:01:30
    Section: Temporary Image
      Remove image at boot: False
      Under development:    True
    Section: ABI Depends
      Depends on:           ApplicationRuntime, version 2
   
  verbose: Packaging completed successfully. 
  verbose: Output file is at: C:\Dev\SmartOffice\SmartOffice\AzureIoT\AzureIoT\bin\ARM\Debug\AzureIoT.imagepackage 
  Command completed successfully in 00:00:00.5699151. 
